#
# A fatal error has been detected by the Java Runtime Environment:
#
#  EXCEPTION_ACCESS_VIOLATION (0xc0000005) at pc=0x0000000073dbc250, pid=5672, tid=5704
#
# JRE version: 7.0_25-b17
# Java VM: Java HotSpot(TM) 64-Bit Server VM (23.25-b01 mixed mode windows-amd64 compressed oops)
# Problematic frame:
# C  [MSVCR100.dll+0x3c250]  memcpy+0x300
#
# Failed to write core dump. Minidumps are not enabled by default on client versions of Windows
#
# If you would like to submit a bug report, please visit:
#   http://bugreport.sun.com/bugreport/crash.jsp
#

---------------  T H R E A D  ---------------

Current thread (0x0000000017135800):  JavaThread "System clipboard synchronizer" daemon [_thread_in_vm, id=5704, stack(0x000000001bf50000,0x000000001c150000)]

siginfo: ExceptionCode=0xc0000005, reading address 0x000000000072fff8

Registers:
RAX=0x000000000000000f, RBX=0x0000000017135800, RCX=0x00000007d7a38578, RDX=0xfffffff828cf7a78
RSP=0x000000001c14f418, RBP=0x000000001b4bf5b0, RSI=0x0000000000000000, RDI=0x0000000000731c74
R8 =0x0000000000730c70, R9 =0x01000000000100a6, R10=0x0000000000000000, R11=0x00000007d7308588
R12=0x0000000000000008, R13=0x0000000000000000, R14=0x0000000000731c74, R15=0x0000000017135800
RIP=0x0000000073dbc250, EFLAGS=0x0000000000010206

Top of Stack: (sp=0x000000001c14f418)
0x000000001c14f418:   0000000067b8ca78 00000000171359d8
0x000000001c14f428:   0000000067b83346 0000000000731c74
0x000000001c14f438:   000000007712eba1 000000001c14f558
0x000000001c14f448:   0000000029420040 0000000017135800
0x000000001c14f458:   0000000000000000 0000000000731c74
0x000000001c14f468:   00000000f0191ba9 000000001b4bf5b0
0x000000001c14f478:   0000000073c61863 00000000171359d8
0x000000001c14f488:   000000001c14f558 0000000029420040
0x000000001c14f498:   00000000025864f0 0000000000000000
0x000000001c14f4a8:   00000000025864f0 00000007849c9fd8
0x000000001c14f4b8:   fffffffffffffffe 000000001c14f588
0x000000001c14f4c8:   000000077d510cc0 0000000000000000
0x000000001c14f4d8:   00000000025923a8 000000077d510cc8
0x000000001c14f4e8:   00000000f0191ba9 00000007849c9fd8
0x000000001c14f4f8:   0000000029420040 0000000000000000
0x000000001c14f508:   00000000026c394c 0000000000000000 

Instructions: (pc=0x0000000073dbc250)
0x0000000073dbc230:   c3 49 e8 4c 0f c3 51 e0 4c 8b 4c 0a d8 4c 8b 54
0x0000000073dbc240:   0a d0 48 83 e9 40 4c 0f c3 49 18 4c 0f c3 51 10
0x0000000073dbc250:   4c 8b 4c 0a 08 4c 8b 14 0a ff c8 4c 0f c3 49 08
0x0000000073dbc260:   4c 0f c3 11 75 aa 49 81 e8 00 10 00 00 49 81 f8 


Register to memory mapping:

RAX=0x000000000000000f is an unknown value
RBX=0x0000000017135800 is a thread
RCX=0x00000007d7a38578 is an unknown value
RDX=0xfffffff828cf7a78 is an unknown value
RSP=0x000000001c14f418 is pointing into the stack for thread: 0x0000000017135800
RBP=0x000000001b4bf5b0 is an unknown value
RSI=0x0000000000000000 is an unknown value
RDI=0x0000000000731c74 is an unknown value
R8 =0x0000000000730c70 is an unknown value
R9 =0x01000000000100a6 is an unknown value
R10=0x0000000000000000 is an unknown value
R11=0x00000007d7308588 is an unknown value
R12=0x0000000000000008 is an unknown value
R13=0x0000000000000000 is an unknown value
R14=0x0000000000731c74 is an unknown value
R15=0x0000000017135800 is a thread


Stack: [0x000000001bf50000,0x000000001c150000],  sp=0x000000001c14f418,  free space=2045k
Native frames: (J=compiled Java code, j=interpreted, Vv=VM code, C=native code)
C  [MSVCR100.dll+0x3c250]  memcpy+0x300

Java frames: (J=compiled Java code, j=interpreted, Vv=VM code)
j  sun.awt.windows.WClipboard.getClipboardData(J)[B+0
j  sun.awt.datatransfer.ClipboardTransferable.fetchOneFlavor(Lsun/awt/datatransfer/SunClipboard;Ljava/awt/datatransfer/DataFlavor;Ljava/lang/Long;Ljava/util/HashMap;)Z+32
j  sun.awt.datatransfer.ClipboardTransferable.<init>(Lsun/awt/datatransfer/SunClipboard;)V+122
j  sun.awt.datatransfer.SunClipboard.getContents(Ljava/lang/Object;)Ljava/awt/datatransfer/Transferable;+17
j  org.netbeans.NbClipboard$GetContents.run()V+16
j  org.openide.util.RequestProcessor$Task.run()V+51
j  org.openide.util.RequestProcessor$Processor.run()V+247
v  ~StubRoutines::call_stub

---------------  P R O C E S S  ---------------

Java Threads: ( => current thread )
  0x0000000017393000 JavaThread "SwingWorker-pool-7-thread-10" daemon [_thread_blocked, id=4688, stack(0x0000000028bb0000,0x0000000028db0000)]
  0x0000000017392800 JavaThread "SwingWorker-pool-7-thread-9" daemon [_thread_blocked, id=3688, stack(0x0000000029220000,0x0000000029420000)]
  0x0000000017391800 JavaThread "SwingWorker-pool-7-thread-8" daemon [_thread_blocked, id=2860, stack(0x0000000027950000,0x0000000027b50000)]
  0x0000000017136800 JavaThread "SwingWorker-pool-7-thread-7" daemon [_thread_blocked, id=4408, stack(0x0000000021540000,0x0000000021740000)]
  0x0000000017391000 JavaThread "SwingWorker-pool-7-thread-6" daemon [_thread_blocked, id=816, stack(0x00000000235a0000,0x00000000237a0000)]
  0x000000001713b000 JavaThread "SwingWorker-pool-7-thread-5" daemon [_thread_blocked, id=1344, stack(0x0000000022540000,0x0000000022740000)]
  0x0000000017138800 JavaThread "SwingWorker-pool-7-thread-4" daemon [_thread_blocked, id=5208, stack(0x000000001d720000,0x000000001d920000)]
  0x0000000017390000 JavaThread "SwingWorker-pool-7-thread-3" daemon [_thread_blocked, id=4952, stack(0x0000000020b40000,0x0000000020d40000)]
  0x000000001713c800 JavaThread "SwingWorker-pool-7-thread-2" daemon [_thread_blocked, id=5352, stack(0x0000000020740000,0x0000000020940000)]
  0x000000001713a000 JavaThread "SwingWorker-pool-7-thread-1" daemon [_thread_blocked, id=4436, stack(0x000000001fd10000,0x000000001ff10000)]
=>0x0000000017135800 JavaThread "System clipboard synchronizer" daemon [_thread_in_vm, id=5704, stack(0x000000001bf50000,0x000000001c150000)]
  0x0000000017137000 JavaThread "Swing-Shell" daemon [_thread_blocked, id=5396, stack(0x000000001f8e0000,0x000000001fae0000)]
  0x0000000017139800 JavaThread "Prism Font Disposer" daemon [_thread_blocked, id=6012, stack(0x0000000020940000,0x0000000020b40000)]
  0x0000000017135000 JavaThread "TimerQueue" daemon [_thread_blocked, id=4684, stack(0x00000000158c0000,0x0000000015ac0000)]
  0x0000000017134000 JavaThread "Thread-6" daemon [_thread_blocked, id=476, stack(0x00000000156c0000,0x00000000158c0000)]
  0x0000000017133800 JavaThread "Thread-5" [_thread_in_native, id=152, stack(0x00000000153c0000,0x00000000155c0000)]
  0x0000000017132800 JavaThread "pool-5-thread-2" [_thread_blocked, id=4256, stack(0x000000001ab80000,0x000000001ad80000)]
  0x0000000017132000 JavaThread "pool-5-thread-1" [_thread_blocked, id=2952, stack(0x000000001a980000,0x000000001ab80000)]
  0x0000000017131000 JavaThread "pool-3-thread-1" [_thread_blocked, id=5768, stack(0x000000001a780000,0x000000001a980000)]
  0x0000000017130800 JavaThread "Thread-4" daemon [_thread_in_native, id=4668, stack(0x000000001a210000,0x000000001a410000)]
  0x000000001712f800 JavaThread "JavaFX Application Thread" [_thread_in_native, id=4844, stack(0x0000000018d00000,0x0000000018f00000)]
  0x000000001712f000 JavaThread "Disposer" daemon [_thread_blocked, id=5096, stack(0x0000000018b00000,0x0000000018d00000)]
  0x000000001712e000 JavaThread "QuantumRenderer-0" daemon [_thread_blocked, id=5088, stack(0x0000000018900000,0x0000000018b00000)]
  0x000000001712d800 JavaThread "File Watcher" daemon [_thread_blocked, id=2592, stack(0x0000000018500000,0x0000000018700000)]
  0x000000000fc0c000 JavaThread "D3D Screen Updater" daemon [_thread_blocked, id=4444, stack(0x0000000015bb0000,0x0000000015db0000)]
  0x000000000fab0800 JavaThread "AWT-EventQueue-0" [_thread_blocked, id=780, stack(0x00000000151c0000,0x00000000153c0000)]
  0x000000000fa5e000 JavaThread "AWT-Windows" daemon [_thread_in_native, id=5800, stack(0x0000000011620000,0x0000000011820000)]
  0x000000000fa99800 JavaThread "AWT-Shutdown" [_thread_blocked, id=5252, stack(0x0000000011420000,0x0000000011620000)]
  0x000000000fa99000 JavaThread "Java2D Disposer" daemon [_thread_blocked, id=5012, stack(0x0000000011220000,0x0000000011420000)]
  0x000000000faa2000 JavaThread "RequestProcessor queue manager" daemon [_thread_blocked, id=5892, stack(0x0000000011020000,0x0000000011220000)]
  0x000000000fa02000 JavaThread "CLI Requests Server" daemon [_thread_in_native, id=4340, stack(0x0000000010500000,0x0000000010700000)]
  0x000000000d507800 JavaThread "Active Reference Queue Daemon" daemon [_thread_blocked, id=5092, stack(0x0000000010100000,0x0000000010300000)]
  0x000000000d347000 JavaThread "Service Thread" daemon [_thread_blocked, id=4260, stack(0x000000000f3c0000,0x000000000f5c0000)]
  0x000000000d33e800 JavaThread "C2 CompilerThread1" daemon [_thread_blocked, id=4132, stack(0x000000000f1c0000,0x000000000f3c0000)]
  0x000000000d337000 JavaThread "C2 CompilerThread0" daemon [_thread_blocked, id=5616, stack(0x000000000efc0000,0x000000000f1c0000)]
  0x000000000d336000 JavaThread "Attach Listener" daemon [_thread_blocked, id=5848, stack(0x000000000edc0000,0x000000000efc0000)]
  0x000000000d335000 JavaThread "Signal Dispatcher" daemon [_thread_blocked, id=6020, stack(0x000000000ebc0000,0x000000000edc0000)]
  0x00000000021e9800 JavaThread "Finalizer" daemon [_thread_blocked, id=3672, stack(0x000000000e9c0000,0x000000000ebc0000)]
  0x00000000021e0000 JavaThread "Reference Handler" daemon [_thread_blocked, id=2748, stack(0x000000000e7c0000,0x000000000e9c0000)]
  0x0000000001eef800 JavaThread "main" [_thread_blocked, id=5664, stack(0x0000000000030000,0x0000000000230000)]

Other Threads:
  0x000000000d2b2800 VMThread [stack: 0x000000000e5c0000,0x000000000e7c0000] [id=5044]
  0x000000000d384000 WatcherThread [stack: 0x000000000f5c0000,0x000000000f7c0000] [id=5100]

VM state:not at safepoint (normal execution)

VM Mutex/Monitor currently owned by a thread: None

Heap
 PSYoungGen      total 235328K, used 48244K [0x00000007d58b0000, 0x00000007ef890000, 0x0000000800000000)
  eden space 222592K, 15% used [0x00000007d58b0000,0x00000007d7b66a68,0x00000007e3210000)
  from space 12736K, 99% used [0x00000007eec20000,0x00000007ef886888,0x00000007ef890000)
  to   space 42752K, 0% used [0x00000007ea510000,0x00000007ea510000,0x00000007eced0000)
 ParOldGen       total 86976K, used 65991K [0x0000000780a00000, 0x0000000785ef0000, 0x00000007d58b0000)
  object space 86976K, 75% used [0x0000000780a00000,0x0000000784a71cb8,0x0000000785ef0000)
 PSPermGen       total 53312K, used 53121K [0x000000077b800000, 0x000000077ec10000, 0x0000000780a00000)
  object space 53312K, 99% used [0x000000077b800000,0x000000077ebe0518,0x000000077ec10000)

Card table byte_map: [0x0000000005640000,0x0000000005a70000] byte_map_base: 0x0000000001a64000

Polling page: 0x00000000002a0000

Code Cache  [0x0000000002580000, 0x0000000002a90000, 0x0000000005580000)
 total_blobs=2441 nmethods=1649 adapters=741 free_code_cache=44163Kb largest_free_block=45060480

Compilation events (10 events):
Event: 533.864 Thread 0x000000000d337000 1803             org.sqlite.RS::finalize (5 bytes)
Event: 533.866 Thread 0x000000000d337000 nmethod 1803 0x00000000029b92d0 code [0x00000000029b9420, 0x00000000029b9538]
Event: 533.867 Thread 0x000000000d33e800 1804             org.sqlite.Stmt::finalize (5 bytes)
Event: 533.868 Thread 0x000000000d33e800 nmethod 1804 0x0000000002a51dd0 code [0x0000000002a51f20, 0x0000000002a51fc8]
Event: 533.917 Thread 0x000000000d337000 1805             java.util.concurrent.locks.ReentrantReadWriteLock$ReadLock::lock (9 bytes)
Event: 533.917 Thread 0x000000000d33e800 1806             java.util.concurrent.locks.ReentrantReadWriteLock$NonfairSync::readerShouldBlock (5 bytes)
Event: 533.918 Thread 0x000000000d33e800 nmethod 1806 0x0000000002918cd0 code [0x0000000002918e00, 0x0000000002918e78]
Event: 533.918 Thread 0x000000000d33e800 1807             java.util.concurrent.locks.ReentrantReadWriteLock$ReadLock::unlock (10 bytes)
Event: 533.919 Thread 0x000000000d337000 nmethod 1805 0x0000000002a47750 code [0x0000000002a478c0, 0x0000000002a47b68]
Event: 533.922 Thread 0x000000000d33e800 nmethod 1807 0x0000000002911c90 code [0x0000000002911e00, 0x00000000029120f8]

GC Heap History (10 events):
Event: 41.235 GC heap before
{Heap before GC invocations=8 (full 0):
 PSYoungGen      total 143232K, used 143223K [0x00000007d58b0000, 0x00000007e7dd0000, 0x0000000800000000)
  eden space 129088K, 100% used [0x00000007d58b0000,0x00000007dd6c0000,0x00000007dd6c0000)
  from space 14144K, 99% used [0x00000007dd6c0000,0x00000007de48def8,0x00000007de490000)
  to   space 20992K, 0% used [0x00000007e6950000,0x00000007e6950000,0x00000007e7dd0000)
 ParOldGen       total 86976K, used 18097K [0x0000000780a00000, 0x0000000785ef0000, 0x00000007d58b0000)
  object space 86976K, 20% used [0x0000000780a00000,0x0000000781bac6a8,0x0000000785ef0000)
 PSPermGen       total 45824K, used 45805K [0x000000077b800000, 0x000000077e4c0000, 0x0000000780a00000)
  object space 45824K, 99% used [0x000000077b800000,0x000000077e4bb7c0,0x000000077e4c0000)
Event: 41.253 GC heap after
Heap after GC invocations=8 (full 0):
 PSYoungGen      total 275712K, used 20583K [0x00000007d58b0000, 0x00000007e8490000, 0x0000000800000000)
  eden space 254720K, 0% used [0x00000007d58b0000,0x00000007d58b0000,0x00000007e5170000)
  from space 20992K, 98% used [0x00000007e6950000,0x00000007e7d69eb0,0x00000007e7dd0000)
  to   space 24448K, 0% used [0x00000007e5170000,0x00000007e5170000,0x00000007e6950000)
 ParOldGen       total 86976K, used 19405K [0x0000000780a00000, 0x0000000785ef0000, 0x00000007d58b0000)
  object space 86976K, 22% used [0x0000000780a00000,0x0000000781cf36c0,0x0000000785ef0000)
 PSPermGen       total 45824K, used 45805K [0x000000077b800000, 0x000000077e4c0000, 0x0000000780a00000)
  object space 45824K, 99% used [0x000000077b800000,0x000000077e4bb7c0,0x000000077e4c0000)
}
Event: 297.060 GC heap before
{Heap before GC invocations=9 (full 0):
 PSYoungGen      total 275712K, used 275303K [0x00000007d58b0000, 0x00000007e8490000, 0x0000000800000000)
  eden space 254720K, 100% used [0x00000007d58b0000,0x00000007e5170000,0x00000007e5170000)
  from space 20992K, 98% used [0x00000007e6950000,0x00000007e7d69eb0,0x00000007e7dd0000)
  to   space 24448K, 0% used [0x00000007e5170000,0x00000007e5170000,0x00000007e6950000)
 ParOldGen       total 86976K, used 19405K [0x0000000780a00000, 0x0000000785ef0000, 0x00000007d58b0000)
  object space 86976K, 22% used [0x0000000780a00000,0x0000000781cf36c0,0x0000000785ef0000)
 PSPermGen       total 52352K, used 52277K [0x000000077b800000, 0x000000077eb20000, 0x0000000780a00000)
  object space 52352K, 99% used [0x000000077b800000,0x000000077eb0d660,0x000000077eb20000)
Event: 297.092 GC heap after
Heap after GC invocations=9 (full 0):
 PSYoungGen      total 279168K, used 24432K [0x00000007d58b0000, 0x00000007f2890000, 0x0000000800000000)
  eden space 254720K, 0% used [0x00000007d58b0000,0x00000007d58b0000,0x00000007e5170000)
  from space 24448K, 99% used [0x00000007e5170000,0x00000007e694c260,0x00000007e6950000)
  to   space 33728K, 0% used [0x00000007f07a0000,0x00000007f07a0000,0x00000007f2890000)
 ParOldGen       total 86976K, used 32515K [0x0000000780a00000, 0x0000000785ef0000, 0x00000007d58b0000)
  object space 86976K, 37% used [0x0000000780a00000,0x00000007829c0f70,0x0000000785ef0000)
 PSPermGen       total 52352K, used 52277K [0x000000077b800000, 0x000000077eb20000, 0x0000000780a00000)
  object space 52352K, 99% used [0x000000077b800000,0x000000077eb0d660,0x000000077eb20000)
}
Event: 419.021 GC heap before
{Heap before GC invocations=10 (full 0):
 PSYoungGen      total 279168K, used 279152K [0x00000007d58b0000, 0x00000007f2890000, 0x0000000800000000)
  eden space 254720K, 100% used [0x00000007d58b0000,0x00000007e5170000,0x00000007e5170000)
  from space 24448K, 99% used [0x00000007e5170000,0x00000007e694c260,0x00000007e6950000)
  to   space 33728K, 0% used [0x00000007f07a0000,0x00000007f07a0000,0x00000007f2890000)
 ParOldGen       total 86976K, used 32515K [0x0000000780a00000, 0x0000000785ef0000, 0x00000007d58b0000)
  object space 86976K, 37% used [0x0000000780a00000,0x00000007829c0f70,0x0000000785ef0000)
 PSPermGen       total 52928K, used 52910K [0x000000077b800000, 0x000000077ebb0000, 0x0000000780a00000)
  object space 52928K, 99% used [0x000000077b800000,0x000000077ebab838,0x000000077ebb0000)
Event: 419.065 GC heap after
Heap after GC invocations=10 (full 0):
 PSYoungGen      total 277184K, used 33706K [0x00000007d58b0000, 0x00000007f2890000, 0x0000000800000000)
  eden space 243456K, 0% used [0x00000007d58b0000,0x00000007d58b0000,0x00000007e4670000)
  from space 33728K, 99% used [0x00000007f07a0000,0x00000007f288aab8,0x00000007f2890000)
  to   space 43904K, 0% used [0x00000007ed2d0000,0x00000007ed2d0000,0x00000007efdb0000)
 ParOldGen       total 86976K, used 45418K [0x0000000780a00000, 0x0000000785ef0000, 0x00000007d58b0000)
  object space 86976K, 52% used [0x0000000780a00000,0x000000078365aa60,0x0000000785ef0000)
 PSPermGen       total 52928K, used 52910K [0x000000077b800000, 0x000000077ebb0000, 0x0000000780a00000)
  object space 52928K, 99% used [0x000000077b800000,0x000000077ebab838,0x000000077ebb0000)
}
Event: 482.737 GC heap before
{Heap before GC invocations=11 (full 0):
 PSYoungGen      total 277184K, used 277162K [0x00000007d58b0000, 0x00000007f2890000, 0x0000000800000000)
  eden space 243456K, 100% used [0x00000007d58b0000,0x00000007e4670000,0x00000007e4670000)
  from space 33728K, 99% used [0x00000007f07a0000,0x00000007f288aab8,0x00000007f2890000)
  to   space 43904K, 0% used [0x00000007ed2d0000,0x00000007ed2d0000,0x00000007efdb0000)
 ParOldGen       total 86976K, used 45418K [0x0000000780a00000, 0x0000000785ef0000, 0x00000007d58b0000)
  object space 86976K, 52% used [0x0000000780a00000,0x000000078365aa60,0x0000000785ef0000)
 PSPermGen       total 53120K, used 53045K [0x000000077b800000, 0x000000077ebe0000, 0x0000000780a00000)
  object space 53120K, 99% used [0x000000077b800000,0x000000077ebcd598,0x000000077ebe0000)
Event: 482.763 GC heap after
Heap after GC invocations=11 (full 0):
 PSYoungGen      total 258688K, used 25915K [0x00000007d58b0000, 0x00000007f07b0000, 0x0000000800000000)
  eden space 232768K, 0% used [0x00000007d58b0000,0x00000007d58b0000,0x00000007e3c00000)
  from space 25920K, 99% used [0x00000007ed2d0000,0x00000007eec1ee20,0x00000007eec20000)
  to   space 28224K, 0% used [0x00000007eec20000,0x00000007eec20000,0x00000007f07b0000)
 ParOldGen       total 86976K, used 63587K [0x0000000780a00000, 0x0000000785ef0000, 0x00000007d58b0000)
  object space 86976K, 73% used [0x0000000780a00000,0x0000000784818c78,0x0000000785ef0000)
 PSPermGen       total 53120K, used 53045K [0x000000077b800000, 0x000000077ebe0000, 0x0000000780a00000)
  object space 53120K, 99% used [0x000000077b800000,0x000000077ebcd598,0x000000077ebe0000)
}
Event: 533.850 GC heap before
{Heap before GC invocations=12 (full 0):
 PSYoungGen      total 258688K, used 256757K [0x00000007d58b0000, 0x00000007f07b0000, 0x0000000800000000)
  eden space 232768K, 99% used [0x00000007d58b0000,0x00000007e3a1e9b8,0x00000007e3c00000)
  from space 25920K, 99% used [0x00000007ed2d0000,0x00000007eec1ee20,0x00000007eec20000)
  to   space 28224K, 0% used [0x00000007eec20000,0x00000007eec20000,0x00000007f07b0000)
 ParOldGen       total 86976K, used 63587K [0x0000000780a00000, 0x0000000785ef0000, 0x00000007d58b0000)
  object space 86976K, 73% used [0x0000000780a00000,0x0000000784818c78,0x0000000785ef0000)
 PSPermGen       total 53312K, used 53120K [0x000000077b800000, 0x000000077ec10000, 0x0000000780a00000)
  object space 53312K, 99% used [0x000000077b800000,0x000000077ebe01d0,0x000000077ec10000)
Event: 533.862 GC heap after
Heap after GC invocations=12 (full 0):
 PSYoungGen      total 235328K, used 12698K [0x00000007d58b0000, 0x00000007ef890000, 0x0000000800000000)
  eden space 222592K, 0% used [0x00000007d58b0000,0x00000007d58b0000,0x00000007e3210000)
  from space 12736K, 99% used [0x00000007eec20000,0x00000007ef886888,0x00000007ef890000)
  to   space 42752K, 0% used [0x00000007ea510000,0x00000007ea510000,0x00000007eced0000)
 ParOldGen       total 86976K, used 65991K [0x0000000780a00000, 0x0000000785ef0000, 0x00000007d58b0000)
  object space 86976K, 75% used [0x0000000780a00000,0x0000000784a71cb8,0x0000000785ef0000)
 PSPermGen       total 53312K, used 53120K [0x000000077b800000, 0x000000077ec10000, 0x0000000780a00000)
  object space 53312K, 99% used [0x000000077b800000,0x000000077ebe01d0,0x000000077ec10000)
}

Deoptimization events (10 events):
Event: 490.582 Thread 0x000000000fab0800 Uncommon trap -34 fr.pc 0x000000000294db80
Event: 490.583 Thread 0x000000000fab0800 Uncommon trap -34 fr.pc 0x0000000002873d98
Event: 490.583 Thread 0x000000000fab0800 Uncommon trap -58 fr.pc 0x0000000002935be8
Event: 490.584 Thread 0x000000000fab0800 Uncommon trap -83 fr.pc 0x00000000028fccc0
Event: 490.586 Thread 0x000000000fab0800 Uncommon trap -58 fr.pc 0x0000000002935be8
Event: 490.861 Thread 0x000000000fab0800 Uncommon trap -34 fr.pc 0x0000000002a0d8c0
Event: 491.165 Thread 0x000000000fab0800 Uncommon trap -34 fr.pc 0x0000000002a169ec
Event: 491.165 Thread 0x000000000fab0800 Uncommon trap -34 fr.pc 0x0000000002a17e70
Event: 496.678 Thread 0x000000000fab0800 Uncommon trap -12 fr.pc 0x0000000002a03390
Event: 508.573 Thread 0x000000000fab0800 Uncommon trap -28 fr.pc 0x0000000002a7d3ec

Internal exceptions (10 events):
Event: 483.676 Thread 0x000000000fab0800 Threw 0x00000007d6bedce0 at C:\jdk7u2_64p\jdk7u25\hotspot\src\share\vm\prims\jvm.cpp:1235
Event: 483.676 Thread 0x000000000fab0800 Threw 0x00000007d6bf1220 at C:\jdk7u2_64p\jdk7u25\hotspot\src\share\vm\classfile\systemDictionary.cpp:179
Event: 483.676 Thread 0x000000000fab0800 Threw 0x00000007d6bf4ea8 at C:\jdk7u2_64p\jdk7u25\hotspot\src\share\vm\prims\jvm.cpp:1235
Event: 483.676 Thread 0x000000000fab0800 Threw 0x00000007d6bf6908 at C:\jdk7u2_64p\jdk7u25\hotspot\src\share\vm\prims\jvm.cpp:1235
Event: 483.676 Thread 0x000000000fab0800 Threw 0x00000007d6bf7598 at C:\jdk7u2_64p\jdk7u25\hotspot\src\share\vm\prims\jvm.cpp:1235
Event: 483.676 Thread 0x000000000fab0800 Threw 0x00000007d6bf8ff8 at C:\jdk7u2_64p\jdk7u25\hotspot\src\share\vm\prims\jvm.cpp:1235
Event: 483.676 Thread 0x000000000fab0800 Threw 0x00000007d6bfc538 at C:\jdk7u2_64p\jdk7u25\hotspot\src\share\vm\classfile\systemDictionary.cpp:179
Event: 486.546 Thread 0x000000000fab0800 Threw 0x00000007d6c82e48 at C:\jdk7u2_64p\jdk7u25\hotspot\src\share\vm\prims\jni.cpp:742
Event: 496.678 Thread 0x000000000fab0800 Implicit null exception at 0x0000000002a02a03 to 0x0000000002a03385
Event: 510.647 Thread 0x000000000fab0800 Threw 0x00000007dff48f08 at C:\jdk7u2_64p\jdk7u25\hotspot\src\share\vm\prims\jni.cpp:742

Events (10 events):
Event: 533.918 Thread 0x000000000d33e800 flushing nmethod 0x0000000002906a10
Event: 533.920 Thread 0x000000000d337000 flushing nmethod 0x0000000002911b10
Event: 533.920 Thread 0x000000000d337000 flushing nmethod 0x000000000293ef50
Event: 533.922 Thread 0x000000000d33e800 flushing nmethod 0x0000000002956150
Event: 535.273 Executing VM operation: RevokeBias
Event: 535.273 Executing VM operation: RevokeBias done
Event: 535.281 Executing VM operation: BulkRevokeBias
Event: 535.281 Executing VM operation: BulkRevokeBias done
Event: 535.420 Executing VM operation: RevokeBias
Event: 535.420 Executing VM operation: RevokeBias done


Dynamic libraries:
0x0000000000400000 - 0x000000000043a000 	C:\Users\tshahi\Documents\GitHub\autopsy-3.1.0_Beta\platform\lib\nbexec64.exe
0x0000000077300000 - 0x00000000774a9000 	C:\Windows\SYSTEM32\ntdll.dll
0x00000000770e0000 - 0x00000000771ff000 	C:\Windows\system32\kernel32.dll
0x000007fefd470000 - 0x000007fefd4dc000 	C:\Windows\system32\KERNELBASE.dll
0x000007feff210000 - 0x000007feff2eb000 	C:\Windows\system32\ADVAPI32.dll
0x000007feff2f0000 - 0x000007feff38f000 	C:\Windows\system32\msvcrt.dll
0x000007fefd4f0000 - 0x000007fefd50f000 	C:\Windows\SYSTEM32\sechost.dll
0x000007fefe890000 - 0x000007fefe9bd000 	C:\Windows\system32\RPCRT4.dll
0x0000000077200000 - 0x00000000772fa000 	C:\Windows\system32\USER32.dll
0x000007feff1a0000 - 0x000007feff207000 	C:\Windows\system32\GDI32.dll
0x000007fefe840000 - 0x000007fefe84e000 	C:\Windows\system32\LPK.dll
0x000007fefee20000 - 0x000007fefeee9000 	C:\Windows\system32\USP10.dll
0x000007fefe850000 - 0x000007fefe87e000 	C:\Windows\system32\IMM32.DLL
0x000007fefed10000 - 0x000007fefee19000 	C:\Windows\system32\MSCTF.dll
0x0000000063c80000 - 0x0000000063dd4000 	C:\Users\tshahi\Documents\GitHub\autopsy-3.1.0_Beta\platform\lib\nbexec64.dll
0x0000000067a90000 - 0x000000006819f000 	C:\Program Files\Java\jdk1.7.0_25\jre\bin\server\jvm.dll
0x000007fefa1c0000 - 0x000007fefa1c9000 	C:\Windows\system32\WSOCK32.dll
0x000007fefd510000 - 0x000007fefd55d000 	C:\Windows\system32\WS2_32.dll
0x000007fefe880000 - 0x000007fefe888000 	C:\Windows\system32\NSI.dll
0x000007fef6980000 - 0x000007fef69bb000 	C:\Windows\system32\WINMM.dll
0x00000000774d0000 - 0x00000000774d7000 	C:\Windows\system32\PSAPI.DLL
0x0000000073d80000 - 0x0000000073e51000 	C:\Program Files\Java\jdk1.7.0_25\jre\bin\MSVCR100.dll
0x0000000073f00000 - 0x0000000073f3f000 	C:\Program Files\Java\jdk1.7.0_25\jre\bin\splashscreen.dll
0x000007fefb5d0000 - 0x000007fefb626000 	C:\Windows\system32\uxtheme.dll
0x00000000749a0000 - 0x00000000749af000 	C:\Program Files\Java\jdk1.7.0_25\jre\bin\verify.dll
0x0000000074970000 - 0x0000000074998000 	C:\Program Files\Java\jdk1.7.0_25\jre\bin\java.dll
0x00000000748f0000 - 0x0000000074905000 	C:\Program Files\Java\jdk1.7.0_25\jre\bin\zip.dll
0x000007fefe530000 - 0x000007fefe733000 	C:\Windows\system32\ole32.dll
0x000007fefcff0000 - 0x000007fefcfff000 	C:\Windows\system32\CRYPTBASE.dll
0x0000000074890000 - 0x00000000748a9000 	C:\Program Files\Java\jdk1.7.0_25\jre\bin\net.dll
0x000007fefc8f0000 - 0x000007fefc945000 	C:\Windows\system32\mswsock.dll
0x000007fefc8e0000 - 0x000007fefc8e7000 	C:\Windows\System32\wship6.dll
0x0000000073ee0000 - 0x0000000073ef1000 	C:\Program Files\Java\jdk1.7.0_25\jre\bin\nio.dll
0x000007fefab30000 - 0x000007fefab57000 	C:\Windows\system32\IPHLPAPI.DLL
0x000007fefab20000 - 0x000007fefab2b000 	C:\Windows\system32\WINNSI.DLL
0x000007fefa9f0000 - 0x000007fefaa01000 	C:\Windows\system32\dhcpcsvc6.DLL
0x000007fefa990000 - 0x000007fefa9a8000 	C:\Windows\system32\dhcpcsvc.DLL
0x0000000073be0000 - 0x0000000073d75000 	C:\Program Files\Java\jdk1.7.0_25\jre\bin\awt.dll
0x000007fefd560000 - 0x000007fefd637000 	C:\Windows\system32\OLEAUT32.dll
0x000007fefc950000 - 0x000007fefc967000 	C:\Windows\system32\CRYPTSP.dll
0x000007fefc650000 - 0x000007fefc697000 	C:\Windows\system32\rsaenh.dll
0x000007fefc4e0000 - 0x000007fefc4fe000 	C:\Windows\system32\USERENV.dll
0x000007fefd0c0000 - 0x000007fefd0cf000 	C:\Windows\system32\profapi.dll
0x000007fefad50000 - 0x000007fefad65000 	C:\Windows\system32\NLAapi.dll
0x000007fef9ab0000 - 0x000007fef9ac5000 	C:\Windows\system32\napinsp.dll
0x000007fef9ad0000 - 0x000007fef9ae9000 	C:\Windows\system32\pnrpnsp.dll
0x000007fefc770000 - 0x000007fefc7cb000 	C:\Windows\system32\DNSAPI.dll
0x000007fef9970000 - 0x000007fef997b000 	C:\Windows\System32\winrnr.dll
0x000007fefc210000 - 0x000007fefc217000 	C:\Windows\System32\wshtcpip.dll
0x000007fef9aa0000 - 0x000007fef9aa8000 	C:\Windows\system32\rasadhlp.dll
0x000007fefaa20000 - 0x000007fefaa73000 	C:\Windows\System32\fwpuclnt.dll
0x000007fefb060000 - 0x000007fefb078000 	C:\Windows\system32\DWMAPI.DLL
0x000007fefb630000 - 0x000007fefb824000 	C:\Windows\WinSxS\amd64_microsoft.windows.common-controls_6595b64144ccf1df_6.0.7601.17514_none_fa396087175ac9ac\COMCTL32.dll
0x000007fefeef0000 - 0x000007fefef61000 	C:\Windows\system32\SHLWAPI.dll
0x000007fef7c70000 - 0x000007fef7e6f000 	C:\Windows\system32\d3d9.dll
0x000007fefc420000 - 0x000007fefc42c000 	C:\Windows\system32\VERSION.dll
0x000007fef8d90000 - 0x000007fef8d97000 	C:\Windows\system32\d3d8thk.dll
0x0000000071100000 - 0x00000000711e7000 	C:\Windows\system32\aticfx64.dll
0x000007fef8ba0000 - 0x000007fef8bae000 	C:\Windows\system32\atiu9p64.dll
0x0000000066c30000 - 0x0000000067353000 	C:\Windows\system32\atiumd64.dll
0x00000000690d0000 - 0x00000000694bc000 	C:\Windows\system32\atiumd6a.dll
0x0000000073ea0000 - 0x0000000073edf000 	C:\Program Files\Java\jdk1.7.0_25\jre\bin\fontmanager.dll
0x0000000073b90000 - 0x0000000073bd1000 	C:\Program Files\Java\jdk1.7.0_25\jre\bin\t2k.dll
0x00000000741c0000 - 0x0000000074292000 	C:\Users\tshahi\Documents\GitHub\autopsy-3.1.0_Beta\autopsy\modules\lib\amd64\msvcr100.dll
0x0000000074120000 - 0x00000000741b8000 	C:\Users\tshahi\Documents\GitHub\autopsy-3.1.0_Beta\autopsy\modules\lib\amd64\msvcp100.dll
0x0000000180000000 - 0x0000000180018000 	C:\Users\tshahi\Documents\GitHub\autopsy-3.1.0_Beta\autopsy\modules\lib\amd64\zlib.dll
0x0000000018080000 - 0x0000000018179000 	C:\Users\tshahi\Documents\GitHub\autopsy-3.1.0_Beta\autopsy\modules\lib\amd64\libewf.dll
0x000007fef0d00000 - 0x000007fef0e38000 	C:\Users\tshahi\AppData\Local\Templibtsk_jni.dll
0x000000000c190000 - 0x000000000c1c8000 	C:\Users\tshahi\Documents\GitHub\autopsy-3.1.0_Beta\platform\modules\lib\amd64\jnidispatch-340.dll
0x000007fefd7a0000 - 0x000007fefe528000 	C:\Windows\system32\SHELL32.dll
0x00000000729e0000 - 0x0000000072ab2000 	C:\Windows\System32\msvcr100.dll
0x0000000074880000 - 0x000000007488f000 	C:\Program Files\Java\jdk1.7.0_25\jre\bin\prism-d3d.dll
0x00000000740e0000 - 0x0000000074112000 	C:\Program Files\Java\jdk1.7.0_25\jre\bin\glass.dll
0x000007feff570000 - 0x000007feff607000 	C:\Windows\system32\COMDLG32.dll
0x000000000f7c0000 - 0x000000000f830000 	C:\Users\tshahi\Documents\GitHub\autopsy-3.1.0_Beta\autopsy\modules\lib\amd64\libsigar.dll
0x000007feed0d0000 - 0x000007feed11e000 	C:\Windows\system32\pdh.dll
0x000007fefc4c0000 - 0x000007fefc4d6000 	C:\Windows\system32\NETAPI32.dll
0x000007fefc580000 - 0x000007fefc58c000 	C:\Windows\system32\netutils.dll
0x000007fefcc30000 - 0x000007fefcc53000 	C:\Windows\system32\srvcli.dll
0x000007fefc4a0000 - 0x000007fefc4b5000 	C:\Windows\system32\wkscli.dll
0x000007fef36b0000 - 0x000007fef36be000 	C:\Windows\System32\perfproc.dll
0x00000000740b0000 - 0x00000000740d4000 	C:\Program Files\Java\jdk1.7.0_25\jre\bin\sunec.dll
0x00000000740a0000 - 0x00000000740ab000 	C:\Program Files\Java\jdk1.7.0_25\jre\bin\sunmscapi.dll
0x000007fefd300000 - 0x000007fefd46c000 	C:\Windows\system32\CRYPT32.dll
0x000007fefd160000 - 0x000007fefd16f000 	C:\Windows\system32\MSASN1.dll
0x000007fefcf90000 - 0x000007fefcfe7000 	C:\Windows\system32\apphelp.dll
0x000007fefec70000 - 0x000007fefed09000 	C:\Windows\system32\CLBCatQ.DLL
0x000007fefad70000 - 0x000007fefaed1000 	C:\Windows\system32\WindowsCodecs.dll
0x00000000712c0000 - 0x00000000712d6000 	C:\Program Files\Common Files\TortoiseOverlays\TortoiseOverlays.dll
0x00000000712a0000 - 0x00000000712b7000 	C:\Program Files\TortoiseSVN\bin\TortoiseStub.dll
0x0000000071220000 - 0x000000007129c000 	C:\Program Files\TortoiseSVN\bin\TortoiseSVN.dll
0x000007fefef70000 - 0x000007feff19f000 	C:\Windows\system32\WININET.dll
0x000007fefd290000 - 0x000007fefd294000 	C:\Windows\system32\api-ms-win-downlevel-user32-l1-1-0.dll
0x000007fefd2b0000 - 0x000007fefd2b4000 	C:\Windows\system32\api-ms-win-downlevel-shlwapi-l1-1-0.dll
0x000007fefd4e0000 - 0x000007fefd4e4000 	C:\Windows\system32\api-ms-win-downlevel-version-l1-1-0.dll
0x000007fefd180000 - 0x000007fefd183000 	C:\Windows\system32\api-ms-win-downlevel-normaliz-l1-1-0.dll
0x00000000774c0000 - 0x00000000774c3000 	C:\Windows\system32\normaliz.DLL
0x000007fefe9c0000 - 0x000007fefec69000 	C:\Windows\system32\iertutil.dll
0x000007fefd2a0000 - 0x000007fefd2a5000 	C:\Windows\system32\api-ms-win-downlevel-advapi32-l1-1-0.dll
0x000007fef5920000 - 0x000007fef5d8a000 	C:\Program Files\TortoiseSVN\bin\libsvn_tsvn.dll
0x00000000711f0000 - 0x000000007121d000 	C:\Program Files\TortoiseSVN\bin\libapr_tsvn.dll
0x000007fef5840000 - 0x000007fef5914000 	C:\Windows\system32\MSVCR110.dll
0x00000000710b0000 - 0x00000000710f5000 	C:\Program Files\TortoiseSVN\bin\libaprutil_tsvn.dll
0x000007fefe760000 - 0x000007fefe7b2000 	C:\Windows\system32\WLDAP32.dll
0x000007fef5820000 - 0x000007fef5831000 	C:\Program Files\TortoiseSVN\bin\intl3_tsvn.dll
0x000007fef5800000 - 0x000007fef5819000 	C:\Program Files\TortoiseSVN\bin\libsasl.dll
0x000007fefcd90000 - 0x000007fefcd9b000 	C:\Windows\system32\Secur32.dll
0x000007fefcf60000 - 0x000007fefcf85000 	C:\Windows\system32\SSPICLI.DLL
0x000007fef5750000 - 0x000007fef57f7000 	C:\Windows\system32\MSVCP110.dll
0x000007fef5710000 - 0x000007fef5745000 	C:\Windows\system32\EhStorShell.dll
0x000007feff390000 - 0x000007feff567000 	C:\Windows\system32\SETUPAPI.dll
0x000007fefd190000 - 0x000007fefd1c6000 	C:\Windows\system32\CFGMGR32.dll
0x000007fefd270000 - 0x000007fefd28a000 	C:\Windows\system32\DEVOBJ.dll
0x000007fefb830000 - 0x000007fefb95c000 	C:\Windows\system32\PROPSYS.dll
0x000007fef5690000 - 0x000007fef570e000 	C:\Windows\System32\cscui.dll
0x000007fef5680000 - 0x000007fef568c000 	C:\Windows\System32\CSCDLL.dll
0x000007fef6ea0000 - 0x000007fef6eaf000 	C:\Windows\system32\CSCAPI.dll
0x000007fef68e0000 - 0x000007fef6980000 	C:\Windows\WinSxS\amd64_microsoft.windows.common-controls_6595b64144ccf1df_5.82.7601.18201_none_a4d3b9377117c3df\comctl32.dll
0x0000000074960000 - 0x000000007496b000 	C:\Program Files\Java\jdk1.7.0_25\jre\bin\management.dll
0x0000000073fd0000 - 0x0000000074020000 	C:\Program Files\Java\jdk1.7.0_25\jre\bin\javafx-font.dll
0x000007fefbf30000 - 0x000007fefbf5d000 	C:\Windows\system32\ntmarta.dll
0x000007fef28d0000 - 0x000007fef2a6c000 	C:\Windows\system32\NetworkExplorer.dll
0x000007fef54b0000 - 0x000007fef54e4000 	C:\Windows\System32\shdocvw.dll
0x000007fefacc0000 - 0x000007fefaccb000 	C:\Windows\system32\slc.dll
0x000007fef6e40000 - 0x000007fef6e58000 	C:\Windows\system32\MPR.dll
0x000007fef6a20000 - 0x000007fef6a2a000 	C:\Windows\System32\drprov.dll
0x000007fefcbd0000 - 0x000007fefcc0d000 	C:\Windows\System32\WINSTA.dll
0x000007fef69f0000 - 0x000007fef6a12000 	C:\Windows\System32\ntlanman.dll

VM Arguments:
jvm_args: -Dnetbeans.logger.console=true -ea -Djdk.home=C:\Program Files\Java\jdk1.7.0_25 -splash:C:\Users\tshahi\Documents\GitHub\OpenMobileForensics\autopsyModule\OpenMobileForensics\build\testuserdir\var\cache\splash.png -Dnetbeans.home=C:\Users\tshahi\Documents\GitHub\autopsy-3.1.0_Beta\platform -Dnetbeans.user=C:\Users\tshahi\Documents\GitHub\OpenMobileForensics\autopsyModule\OpenMobileForensics\build\testuserdir -Dnetbeans.default_userdir_root= -XX:+HeapDumpOnOutOfMemoryError -XX:HeapDumpPath=C:\Users\tshahi\Documents\GitHub\OpenMobileForensics\autopsyModule\OpenMobileForensics\build\testuserdir\var\log\heapdump.hprof -Dnetbeans.system_http_proxy=DIRECT -Dsun.awt.keepWorkingSetOnMinimize=true -Dnetbeans.dirs=C:\Users\tshahi\Documents\GitHub\OpenMobileForensics\autopsyModule\OpenMobileForensics\build\cluster;C:\Users\tshahi\Documents\GitHub\autopsy-3.1.0_Beta\autopsy;C:\Users\tshahi\Documents\GitHub\autopsy-3.1.0_Beta\harness;C:\Users\tshahi\Documents\GitHub\autopsy-3.1.0_Beta\java;C:\Users\tshahi\Documents\GitHub\autopsy-3.1.0_Beta\platform exit 
java_command: <unknown>
Launcher Type: generic

Environment Variables:
JAVA_HOME=C:\Program Files\Java\jdk1.7.0_25\jre
CLASSPATH=C:\jni;C:\Users\tshahi\Documents\GitHub\autopsy\ScalpelCarver\build\classes\org\sleuthkit\autopsy\scalpel\jni
PATH=C:\Program Files\SlickEditV18.0.1 x64\win\;C:\Program Files\Java\jdk1.7.0_25\bin;C:\Windows\system32;C:\Windows;C:\Windows\System32\Wbem;C:\Windows\System32\WindowsPowerShell\v1.0\;c:\Program Files (x86)\Hewlett-Packard\HP ProtectTools Security Manager\Bin\;c:\Program Files\Intel\DMIX;C:\Program Files (x86)\Intel\Services\IPT\;C:\Program Files\Microsoft SQL Server\110\Tools\Bin\;C:\Program Files\doxygen\bin;C:\Program Files\TortoiseSVN\bin;C:\gstreamer\1.0\x86\lib\gstreamer-1.0;C:\gstreamer\1.0\x86\bin;C:\MinGW\bin;C:\Program Files\Java\apache-ant-1.9.3\bin;C:\ffmpeg\bin;C:\Program Files (x86)\Autopsy-3.0.8\gstreamer\bin;C:\Program Files (x86)\Autopsy-3.0.8\gstreamer\lib\gstreamer-0.10;C:\Program Files (x86)\Autopsy-3.1.0_Beta\gstreamer\bin;C:\Program Files (x86)\Autopsy-3.1.0_Beta\gstreamer\lib\gstreamer-0.10;c:\Program Files (x86)\Microsoft SQL Server\100\Tools\Binn\;c:\Program Files (x86)\Microsoft SQL Server\100\DTS\Binn\;C:\Program Files (x86)\Heroku\bin;C:\Program Files (x86)\git\cmd;C:\node;C:\node\node_modules\npm;C:\Program Files\nodejs\;C:\Program Files\Microsoft SQL Server\110\Tools\Binn\;C:\msys\1.0\bin;C:\Users\tshahi\AppData\Roaming\npm
USERNAME=tshahi
OS=Windows_NT
PROCESSOR_IDENTIFIER=Intel64 Family 6 Model 42 Stepping 7, GenuineIntel



---------------  S Y S T E M  ---------------

OS: Windows 7 , 64 bit Build 7601 Service Pack 1

CPU:total 8 (4 cores per cpu, 2 threads per core) family 6 model 42 stepping 7, cmov, cx8, fxsr, mmx, sse, sse2, sse3, ssse3, sse4.1, sse4.2, popcnt, avx, ht, tsc, tscinvbit

Memory: 4k page, physical 8345620k(4230668k free), swap 16689376k(11730288k free)

vm_info: Java HotSpot(TM) 64-Bit Server VM (23.25-b01) for windows-amd64 JRE (1.7.0_25-b17), built on Jun 21 2013 12:58:32 by "java_re" with unknown MS VC++:1600

time: Tue May 27 09:25:23 2014
elapsed time: 577 seconds

